<?xml version="1.0" encoding="UTF-8"?>
<!-- Generated by org.testng.reporters.JUnitXMLReporter -->
<testsuite hostname="LAPTOP-U5R75B09" ignored="0" name="Default test" tests="3" failures="0" timestamp="20 Dec 2022 10:40:19 GMT" time="0.077" errors="0">
  <testcase name="tc1" time="0.009" classname="org.combine.TestNgSample"/>
  <testcase name="tc2" time="0.005" classname="org.combine.TestNgSample"/>
  <testcase name="tc3" time="0.003" classname="org.combine.TestNgSample"/>
</testsuite> <!-- Default test -->
