<?xml version="1.0" encoding="UTF-8"?>
<!-- Generated by org.testng.reporters.JUnitXMLReporter -->
<testsuite hostname="LAPTOP-U5R75B09" ignored="0" name="Test" tests="9" failures="0" timestamp="20 Dec 2022 10:49:07 GMT" time="0.109" errors="0">
  <testcase name="tc2" time="0.018" classname="org.combine.TestNg1"/>
  <testcase name="tc3" time="0.018" classname="org.combine.TestNg1"/>
  <testcase name="tc22" time="0.018" classname="org.combine.TestNg2"/>
  <testcase name="tc33" time="0.018" classname="org.combine.TestNg2"/>
  <testcase name="tc11" time="0.024" classname="org.combine.TestNg2"/>
  <testcase name="tc1" time="0.018" classname="org.combine.TestNg1"/>
  <testcase name="tc111" time="0.008" classname="org.combine.TestNg3"/>
  <testcase name="tc333" time="0.017" classname="org.combine.TestNg3"/>
  <testcase name="tc222" time="0.035" classname="org.combine.TestNg3"/>
</testsuite> <!-- Test -->
