<?xml version="1.0" encoding="UTF-8"?>
<testng-results skipped="0" failed="0" ignored="0" total="9" passed="9">
  <reporter-output>
  </reporter-output>
  <suite name="Suite" duration-ms="109" started-at="2022-12-20T10:49:07Z" finished-at="2022-12-20T10:49:07Z">
    <groups>
    </groups>
    <test name="Test" duration-ms="109" started-at="2022-12-20T10:49:07Z" finished-at="2022-12-20T10:49:07Z">
      <class name="org.combine.TestNg2">
        <test-method status="PASS" signature="tc11()[pri:0, instance:org.combine.TestNg2@146ba0ac]" name="tc11" duration-ms="24" started-at="2022-12-20T10:49:07Z" finished-at="2022-12-20T10:49:07Z">
          <reporter-output>
          </reporter-output>
        </test-method> <!-- tc11 -->
        <test-method status="PASS" signature="tc33()[pri:0, instance:org.combine.TestNg2@146ba0ac]" name="tc33" duration-ms="18" started-at="2022-12-20T10:49:07Z" finished-at="2022-12-20T10:49:07Z">
          <reporter-output>
          </reporter-output>
        </test-method> <!-- tc33 -->
        <test-method status="PASS" signature="tc22()[pri:0, instance:org.combine.TestNg2@146ba0ac]" name="tc22" duration-ms="18" started-at="2022-12-20T10:49:07Z" finished-at="2022-12-20T10:49:07Z">
          <reporter-output>
          </reporter-output>
        </test-method> <!-- tc22 -->
      </class> <!-- org.combine.TestNg2 -->
      <class name="org.combine.TestNg3">
        <test-method status="PASS" signature="tc111()[pri:0, instance:org.combine.TestNg3@4dfa3a9d]" name="tc111" duration-ms="8" started-at="2022-12-20T10:49:07Z" finished-at="2022-12-20T10:49:07Z">
          <reporter-output>
          </reporter-output>
        </test-method> <!-- tc111 -->
        <test-method status="PASS" signature="tc222()[pri:0, instance:org.combine.TestNg3@4dfa3a9d]" name="tc222" duration-ms="35" started-at="2022-12-20T10:49:07Z" finished-at="2022-12-20T10:49:07Z">
          <reporter-output>
          </reporter-output>
        </test-method> <!-- tc222 -->
        <test-method status="PASS" signature="tc333()[pri:0, instance:org.combine.TestNg3@4dfa3a9d]" name="tc333" duration-ms="17" started-at="2022-12-20T10:49:07Z" finished-at="2022-12-20T10:49:07Z">
          <reporter-output>
          </reporter-output>
        </test-method> <!-- tc333 -->
      </class> <!-- org.combine.TestNg3 -->
      <class name="org.combine.TestNg1">
        <test-method status="PASS" signature="tc1()[pri:0, instance:org.combine.TestNg1@754ba872]" name="tc1" duration-ms="18" started-at="2022-12-20T10:49:07Z" finished-at="2022-12-20T10:49:07Z">
          <reporter-output>
          </reporter-output>
        </test-method> <!-- tc1 -->
        <test-method status="PASS" signature="tc2()[pri:0, instance:org.combine.TestNg1@754ba872]" name="tc2" duration-ms="18" started-at="2022-12-20T10:49:07Z" finished-at="2022-12-20T10:49:07Z">
          <reporter-output>
          </reporter-output>
        </test-method> <!-- tc2 -->
        <test-method status="PASS" signature="tc3()[pri:0, instance:org.combine.TestNg1@754ba872]" name="tc3" duration-ms="18" started-at="2022-12-20T10:49:07Z" finished-at="2022-12-20T10:49:07Z">
          <reporter-output>
          </reporter-output>
        </test-method> <!-- tc3 -->
      </class> <!-- org.combine.TestNg1 -->
    </test> <!-- Test -->
  </suite> <!-- Suite -->
</testng-results>
